[0.073s] Invoking command in '/home/cecilia/Documentos/github/prova1-m6/meu_workspace/src/build/turtlesim': CMAKE_PREFIX_PATH=/opt/ros/humble /usr/bin/cmake /home/cecilia/Documentos/github/prova1-m6/meu_workspace/src/ros_tutorials/turtlesim -DCMAKE_INSTALL_PREFIX=/home/cecilia/Documentos/github/prova1-m6/meu_workspace/src/install/turtlesim
[1.953s] -- The C compiler identification is GNU 11.4.0
[3.033s] -- The CXX compiler identification is GNU 11.4.0
[3.291s] -- Detecting C compiler ABI info
[3.645s] -- Detecting C compiler ABI info - done
[3.651s] -- Check for working C compiler: /usr/bin/cc - skipped
[3.664s] -- Detecting C compile features
[3.677s] -- Detecting C compile features - done
[3.732s] -- Detecting CXX compiler ABI info
[3.877s] -- Detecting CXX compiler ABI info - done
[3.883s] -- Check for working CXX compiler: /usr/bin/c++ - skipped
[3.883s] -- Detecting CXX compile features
[3.883s] -- Detecting CXX compile features - done
[3.940s] -- Found ament_cmake: 1.3.8 (/opt/ros/humble/share/ament_cmake/cmake)
[4.168s] -- Found Python3: /usr/bin/python3 (found version "3.10.12") found components: Interpreter 
[4.764s] -- Found ament_index_cpp: 1.4.0 (/opt/ros/humble/share/ament_index_cpp/cmake)
[4.799s] -- Found geometry_msgs: 4.2.3 (/opt/ros/humble/share/geometry_msgs/cmake)
[5.611s] -- Found rosidl_generator_c: 3.1.5 (/opt/ros/humble/share/rosidl_generator_c/cmake)
[5.719s] -- Found rosidl_adapter: 3.1.5 (/opt/ros/humble/share/rosidl_adapter/cmake)
[5.865s] -- Found rosidl_generator_cpp: 3.1.5 (/opt/ros/humble/share/rosidl_generator_cpp/cmake)
[6.064s] -- Using all available rosidl_typesupport_c: rosidl_typesupport_fastrtps_c;rosidl_typesupport_introspection_c
[6.277s] -- Using all available rosidl_typesupport_cpp: rosidl_typesupport_fastrtps_cpp;rosidl_typesupport_introspection_cpp
[7.581s] -- Found rclcpp: 16.0.8 (/opt/ros/humble/share/rclcpp/cmake)
[8.504s] -- Found rmw_implementation_cmake: 6.1.1 (/opt/ros/humble/share/rmw_implementation_cmake/cmake)
[8.537s] -- Found rmw_fastrtps_cpp: 6.2.6 (/opt/ros/humble/share/rmw_fastrtps_cpp/cmake)
[9.530s] -- Found OpenSSL: /usr/lib/x86_64-linux-gnu/libcrypto.so (found version "3.0.2")  
[9.630s] -- Found FastRTPS: /opt/ros/humble/include  
[9.676s] -- Using RMW implementation 'rmw_fastrtps_cpp' as default
[9.859s] -- Looking for pthread.h
[10.098s] -- Looking for pthread.h - found
[10.098s] -- Performing Test CMAKE_HAVE_LIBC_PTHREAD
[10.195s] -- Performing Test CMAKE_HAVE_LIBC_PTHREAD - Success
[10.196s] -- Found Threads: TRUE  
[10.850s] -- Found rclcpp_action: 16.0.8 (/opt/ros/humble/share/rclcpp_action/cmake)
[11.208s] -- Found rosidl_default_generators: 1.2.0 (/opt/ros/humble/share/rosidl_default_generators/cmake)
[11.259s] -- Found std_srvs: 4.2.3 (/opt/ros/humble/share/std_srvs/cmake)
[11.919s] -- Found ament_cmake_ros: 0.10.0 (/opt/ros/humble/share/ament_cmake_ros/cmake)
[12.317s] -- Using all available rosidl_typesupport_c: rosidl_typesupport_fastrtps_c;rosidl_typesupport_introspection_c
[12.438s] -- Using all available rosidl_typesupport_cpp: rosidl_typesupport_fastrtps_cpp;rosidl_typesupport_introspection_cpp
[12.493s] -- Found PythonInterp: /usr/bin/python3 (found suitable version "3.10.12", minimum required is "3.6") 
[12.531s] -- Found python_cmake_module: 0.10.0 (/opt/ros/humble/share/python_cmake_module/cmake)
[12.599s] -- Found PythonLibs: /usr/lib/x86_64-linux-gnu/libpython3.10.so (found suitable version "3.10.12", minimum required is "3.5") 
[12.599s] -- Using PYTHON_EXECUTABLE: /usr/bin/python3
[12.599s] -- Using PYTHON_INCLUDE_DIRS: /usr/include/python3.10
[12.599s] -- Using PYTHON_LIBRARIES: /usr/lib/x86_64-linux-gnu/libpython3.10.so
[12.620s] -- Found PythonExtra: .so  
[12.892s] -- Configuring done
[12.981s] -- Generating done
[12.983s] -- Build files have been written to: /home/cecilia/Documentos/github/prova1-m6/meu_workspace/src/build/turtlesim
[12.993s] Invoked command in '/home/cecilia/Documentos/github/prova1-m6/meu_workspace/src/build/turtlesim' returned '0': CMAKE_PREFIX_PATH=/opt/ros/humble /usr/bin/cmake /home/cecilia/Documentos/github/prova1-m6/meu_workspace/src/ros_tutorials/turtlesim -DCMAKE_INSTALL_PREFIX=/home/cecilia/Documentos/github/prova1-m6/meu_workspace/src/install/turtlesim
[12.994s] Invoking command in '/home/cecilia/Documentos/github/prova1-m6/meu_workspace/src/build/turtlesim': CMAKE_PREFIX_PATH=/opt/ros/humble /usr/bin/cmake --build /home/cecilia/Documentos/github/prova1-m6/meu_workspace/src/build/turtlesim -- -j8 -l8
[13.028s] [  1%] [34m[1mGenerating C code for ROS interfaces[0m
[13.036s] [  2%] [34m[1mGenerating C++ code for ROS interfaces[0m
[13.041s] [  2%] Built target ament_cmake_python_copy_turtlesim
[13.238s] running egg_info
[13.238s] creating turtlesim.egg-info
[13.238s] writing turtlesim.egg-info/PKG-INFO
[13.239s] writing dependency_links to turtlesim.egg-info/dependency_links.txt
[13.239s] writing top-level names to turtlesim.egg-info/top_level.txt
[13.239s] writing manifest file 'turtlesim.egg-info/SOURCES.txt'
[13.255s] reading manifest file 'turtlesim.egg-info/SOURCES.txt'
[13.255s] writing manifest file 'turtlesim.egg-info/SOURCES.txt'
[13.276s] [  2%] Built target ament_cmake_python_build_turtlesim_egg
[13.876s] [  2%] Built target turtlesim__cpp
[13.886s] [  4%] [34m[1mGenerating C++ type support dispatch for ROS interfaces[0m
[13.886s] [  4%] [34m[1mGenerating C++ type support for eProsima Fast-RTPS[0m
[13.894s] [  5%] [34m[1mGenerating C++ introspection for ROS interfaces[0m
[13.944s] [  8%] [32mBuilding C object CMakeFiles/turtlesim__rosidl_generator_c.dir/rosidl_generator_c/turtlesim/action/detail/rotate_absolute__functions.c.o[0m
[13.944s] [  8%] [32mBuilding C object CMakeFiles/turtlesim__rosidl_generator_c.dir/rosidl_generator_c/turtlesim/srv/detail/kill__functions.c.o[0m
[13.944s] [  9%] [32mBuilding C object CMakeFiles/turtlesim__rosidl_generator_c.dir/rosidl_generator_c/turtlesim/srv/detail/set_pen__functions.c.o[0m
[13.944s] [ 10%] [32mBuilding C object CMakeFiles/turtlesim__rosidl_generator_c.dir/rosidl_generator_c/turtlesim/msg/detail/color__functions.c.o[0m
[13.945s] [  8%] [32mBuilding C object CMakeFiles/turtlesim__rosidl_generator_c.dir/rosidl_generator_c/turtlesim/msg/detail/pose__functions.c.o[0m
[14.241s] [ 11%] [32mBuilding C object CMakeFiles/turtlesim__rosidl_generator_c.dir/rosidl_generator_c/turtlesim/srv/detail/spawn__functions.c.o[0m
[14.252s] [ 12%] [32mBuilding C object CMakeFiles/turtlesim__rosidl_generator_c.dir/rosidl_generator_c/turtlesim/srv/detail/teleport_absolute__functions.c.o[0m
[14.263s] [ 13%] [32mBuilding C object CMakeFiles/turtlesim__rosidl_generator_c.dir/rosidl_generator_c/turtlesim/srv/detail/teleport_relative__functions.c.o[0m
[14.338s] [ 14%] [32m[1mLinking C shared library libturtlesim__rosidl_generator_c.so[0m
[14.400s] [ 14%] Built target turtlesim__rosidl_generator_c
[14.410s] [ 16%] [34m[1mGenerating C introspection for ROS interfaces[0m
[14.410s] [ 16%] [34m[1mGenerating C type support for eProsima Fast-RTPS[0m
[14.411s] [ 17%] [34m[1mGenerating C type support dispatch for ROS interfaces[0m
[14.498s] [ 20%] [32mBuilding CXX object CMakeFiles/turtlesim__rosidl_typesupport_cpp.dir/rosidl_typesupport_cpp/turtlesim/msg/pose__type_support.cpp.o[0m
[14.498s] [ 20%] [32mBuilding CXX object CMakeFiles/turtlesim__rosidl_typesupport_cpp.dir/rosidl_typesupport_cpp/turtlesim/action/rotate_absolute__type_support.cpp.o[0m
[14.498s] [ 20%] [32mBuilding CXX object CMakeFiles/turtlesim__rosidl_typesupport_cpp.dir/rosidl_typesupport_cpp/turtlesim/msg/color__type_support.cpp.o[0m
[14.623s] [ 21%] [32mBuilding CXX object CMakeFiles/turtlesim__rosidl_typesupport_introspection_cpp.dir/rosidl_typesupport_introspection_cpp/turtlesim/action/detail/rotate_absolute__type_support.cpp.o[0m
[14.944s] [ 22%] [32mBuilding CXX object CMakeFiles/turtlesim__rosidl_typesupport_c.dir/rosidl_typesupport_c/turtlesim/action/rotate_absolute__type_support.cpp.o[0m
[14.962s] [ 23%] [32mBuilding CXX object CMakeFiles/turtlesim__rosidl_typesupport_fastrtps_cpp.dir/rosidl_typesupport_fastrtps_cpp/turtlesim/action/detail/dds_fastrtps/rotate_absolute__type_support.cpp.o[0m
[15.121s] [ 24%] [32mBuilding CXX object CMakeFiles/turtlesim__rosidl_typesupport_c.dir/rosidl_typesupport_c/turtlesim/msg/color__type_support.cpp.o[0m
[15.146s] [ 25%] [32mBuilding CXX object CMakeFiles/turtlesim__rosidl_typesupport_c.dir/rosidl_typesupport_c/turtlesim/msg/pose__type_support.cpp.o[0m
[15.174s] [ 26%] [32mBuilding CXX object CMakeFiles/turtlesim__rosidl_typesupport_c.dir/rosidl_typesupport_c/turtlesim/srv/kill__type_support.cpp.o[0m
[15.206s] [ 27%] [32mBuilding CXX object CMakeFiles/turtlesim__rosidl_typesupport_c.dir/rosidl_typesupport_c/turtlesim/srv/set_pen__type_support.cpp.o[0m
[15.232s] [ 28%] [32mBuilding CXX object CMakeFiles/turtlesim__rosidl_typesupport_c.dir/rosidl_typesupport_c/turtlesim/srv/spawn__type_support.cpp.o[0m
[15.247s] [ 29%] [32mBuilding CXX object CMakeFiles/turtlesim__rosidl_typesupport_cpp.dir/rosidl_typesupport_cpp/turtlesim/srv/kill__type_support.cpp.o[0m
[15.256s] [ 30%] [32mBuilding CXX object CMakeFiles/turtlesim__rosidl_typesupport_introspection_cpp.dir/rosidl_typesupport_introspection_cpp/turtlesim/msg/detail/color__type_support.cpp.o[0m
[15.271s] [ 31%] [32mBuilding CXX object CMakeFiles/turtlesim__rosidl_typesupport_c.dir/rosidl_typesupport_c/turtlesim/srv/teleport_absolute__type_support.cpp.o[0m
[15.319s] [ 32%] [32mBuilding CXX object CMakeFiles/turtlesim__rosidl_typesupport_c.dir/rosidl_typesupport_c/turtlesim/srv/teleport_relative__type_support.cpp.o[0m
[15.364s] [ 33%] [32m[1mLinking CXX shared library libturtlesim__rosidl_typesupport_c.so[0m
[15.468s] [ 33%] Built target turtlesim__rosidl_typesupport_c
[15.479s] [ 34%] [32mBuilding CXX object CMakeFiles/turtlesim__rosidl_typesupport_cpp.dir/rosidl_typesupport_cpp/turtlesim/srv/set_pen__type_support.cpp.o[0m
[15.557s] [ 35%] [32mBuilding CXX object CMakeFiles/turtlesim__rosidl_typesupport_fastrtps_c.dir/rosidl_typesupport_fastrtps_c/turtlesim/action/detail/rotate_absolute__type_support_c.cpp.o[0m
[15.560s] [ 36%] [32mBuilding CXX object CMakeFiles/turtlesim__rosidl_typesupport_fastrtps_c.dir/rosidl_typesupport_fastrtps_c/turtlesim/msg/detail/color__type_support_c.cpp.o[0m
[15.600s] [ 37%] [32mBuilding C object CMakeFiles/turtlesim__rosidl_typesupport_introspection_c.dir/rosidl_typesupport_introspection_c/turtlesim/action/detail/rotate_absolute__type_support.c.o[0m
[15.654s] [ 38%] [32mBuilding C object CMakeFiles/turtlesim__rosidl_typesupport_introspection_c.dir/rosidl_typesupport_introspection_c/turtlesim/msg/detail/color__type_support.c.o[0m
[15.702s] [ 39%] [32mBuilding C object CMakeFiles/turtlesim__rosidl_typesupport_introspection_c.dir/rosidl_typesupport_introspection_c/turtlesim/msg/detail/pose__type_support.c.o[0m
[15.712s] [ 40%] [32mBuilding CXX object CMakeFiles/turtlesim__rosidl_typesupport_introspection_cpp.dir/rosidl_typesupport_introspection_cpp/turtlesim/msg/detail/pose__type_support.cpp.o[0m
[15.741s] [ 41%] [32mBuilding C object CMakeFiles/turtlesim__rosidl_typesupport_introspection_c.dir/rosidl_typesupport_introspection_c/turtlesim/srv/detail/kill__type_support.c.o[0m
[15.755s] [ 42%] [32mBuilding C object CMakeFiles/turtlesim__rosidl_typesupport_introspection_c.dir/rosidl_typesupport_introspection_c/turtlesim/srv/detail/set_pen__type_support.c.o[0m
[15.779s] [ 43%] [32mBuilding CXX object CMakeFiles/turtlesim__rosidl_typesupport_cpp.dir/rosidl_typesupport_cpp/turtlesim/srv/spawn__type_support.cpp.o[0m
[15.785s] [ 44%] [32mBuilding C object CMakeFiles/turtlesim__rosidl_typesupport_introspection_c.dir/rosidl_typesupport_introspection_c/turtlesim/srv/detail/spawn__type_support.c.o[0m
[15.862s] [ 45%] [32mBuilding CXX object CMakeFiles/turtlesim__rosidl_typesupport_fastrtps_c.dir/rosidl_typesupport_fastrtps_c/turtlesim/msg/detail/pose__type_support_c.cpp.o[0m
[15.897s] [ 46%] [32mBuilding C object CMakeFiles/turtlesim__rosidl_typesupport_introspection_c.dir/rosidl_typesupport_introspection_c/turtlesim/srv/detail/teleport_absolute__type_support.c.o[0m
[15.903s] [ 47%] [32mBuilding CXX object CMakeFiles/turtlesim__rosidl_typesupport_introspection_cpp.dir/rosidl_typesupport_introspection_cpp/turtlesim/srv/detail/kill__type_support.cpp.o[0m
[15.958s] [ 48%] [32mBuilding C object CMakeFiles/turtlesim__rosidl_typesupport_introspection_c.dir/rosidl_typesupport_introspection_c/turtlesim/srv/detail/teleport_relative__type_support.c.o[0m
[15.977s] [ 49%] [32mBuilding CXX object CMakeFiles/turtlesim__rosidl_typesupport_fastrtps_cpp.dir/rosidl_typesupport_fastrtps_cpp/turtlesim/msg/detail/dds_fastrtps/color__type_support.cpp.o[0m
[15.982s] [ 50%] [32mBuilding CXX object CMakeFiles/turtlesim__rosidl_typesupport_fastrtps_c.dir/rosidl_typesupport_fastrtps_c/turtlesim/srv/detail/kill__type_support_c.cpp.o[0m
[15.996s] [ 51%] [32mBuilding CXX object CMakeFiles/turtlesim__rosidl_typesupport_fastrtps_c.dir/rosidl_typesupport_fastrtps_c/turtlesim/srv/detail/set_pen__type_support_c.cpp.o[0m
[16.021s] [ 52%] [32m[1mLinking C shared library libturtlesim__rosidl_typesupport_introspection_c.so[0m
[16.106s] [ 53%] [32mBuilding CXX object CMakeFiles/turtlesim__rosidl_typesupport_cpp.dir/rosidl_typesupport_cpp/turtlesim/srv/teleport_absolute__type_support.cpp.o[0m
[16.130s] [ 53%] Built target turtlesim__rosidl_typesupport_introspection_c
[16.141s] [ 54%] [32mBuilding CXX object CMakeFiles/turtlesim__rosidl_typesupport_cpp.dir/rosidl_typesupport_cpp/turtlesim/srv/teleport_relative__type_support.cpp.o[0m
[16.176s] [ 55%] [32mBuilding CXX object CMakeFiles/turtlesim__rosidl_typesupport_introspection_cpp.dir/rosidl_typesupport_introspection_cpp/turtlesim/srv/detail/set_pen__type_support.cpp.o[0m
[16.246s] [ 56%] [32mBuilding CXX object CMakeFiles/turtlesim__rosidl_typesupport_introspection_cpp.dir/rosidl_typesupport_introspection_cpp/turtlesim/srv/detail/spawn__type_support.cpp.o[0m
[16.452s] [ 57%] [32mBuilding CXX object CMakeFiles/turtlesim__rosidl_typesupport_fastrtps_c.dir/rosidl_typesupport_fastrtps_c/turtlesim/srv/detail/spawn__type_support_c.cpp.o[0m
[16.465s] [ 58%] [32mBuilding CXX object CMakeFiles/turtlesim__rosidl_typesupport_introspection_cpp.dir/rosidl_typesupport_introspection_cpp/turtlesim/srv/detail/teleport_absolute__type_support.cpp.o[0m
[16.469s] [ 59%] [32mBuilding CXX object CMakeFiles/turtlesim__rosidl_typesupport_introspection_cpp.dir/rosidl_typesupport_introspection_cpp/turtlesim/srv/detail/teleport_relative__type_support.cpp.o[0m
[16.479s] [ 60%] [32mBuilding CXX object CMakeFiles/turtlesim__rosidl_typesupport_fastrtps_cpp.dir/rosidl_typesupport_fastrtps_cpp/turtlesim/msg/detail/dds_fastrtps/pose__type_support.cpp.o[0m
[16.491s] [ 61%] [32mBuilding CXX object CMakeFiles/turtlesim__rosidl_typesupport_fastrtps_cpp.dir/rosidl_typesupport_fastrtps_cpp/turtlesim/srv/detail/dds_fastrtps/kill__type_support.cpp.o[0m
[16.603s] [ 62%] [32m[1mLinking CXX shared library libturtlesim__rosidl_typesupport_cpp.so[0m
[16.727s] [ 63%] [32mBuilding CXX object CMakeFiles/turtlesim__rosidl_typesupport_fastrtps_cpp.dir/rosidl_typesupport_fastrtps_cpp/turtlesim/srv/detail/dds_fastrtps/set_pen__type_support.cpp.o[0m
[16.826s] [ 63%] Built target turtlesim__rosidl_typesupport_cpp
[16.855s] [ 64%] [32mBuilding CXX object CMakeFiles/turtlesim__rosidl_typesupport_fastrtps_cpp.dir/rosidl_typesupport_fastrtps_cpp/turtlesim/srv/detail/dds_fastrtps/spawn__type_support.cpp.o[0m
[16.867s] [ 65%] [32mBuilding CXX object CMakeFiles/turtlesim__rosidl_typesupport_fastrtps_cpp.dir/rosidl_typesupport_fastrtps_cpp/turtlesim/srv/detail/dds_fastrtps/teleport_absolute__type_support.cpp.o[0m
[16.950s] [ 66%] [32mBuilding CXX object CMakeFiles/turtlesim__rosidl_typesupport_fastrtps_c.dir/rosidl_typesupport_fastrtps_c/turtlesim/srv/detail/teleport_absolute__type_support_c.cpp.o[0m
[16.958s] [ 67%] [32mBuilding CXX object CMakeFiles/turtlesim__rosidl_typesupport_fastrtps_cpp.dir/rosidl_typesupport_fastrtps_cpp/turtlesim/srv/detail/dds_fastrtps/teleport_relative__type_support.cpp.o[0m
[16.966s] [ 68%] [32m[1mLinking CXX shared library libturtlesim__rosidl_typesupport_introspection_cpp.so[0m
[17.026s] [ 69%] [32mBuilding CXX object CMakeFiles/turtlesim__rosidl_typesupport_fastrtps_c.dir/rosidl_typesupport_fastrtps_c/turtlesim/srv/detail/teleport_relative__type_support_c.cpp.o[0m
[17.108s] [ 69%] Built target turtlesim__rosidl_typesupport_introspection_cpp
[17.124s] [ 70%] [34m[1mGenerating include/turtlesim/moc_turtle_frame.cpp[0m
[17.135s] [ 71%] [32mBuilding CXX object CMakeFiles/turtle_teleop_key.dir/tutorials/teleop_turtle_key.cpp.o[0m
[17.273s] [ 72%] [32mBuilding CXX object CMakeFiles/draw_square.dir/tutorials/draw_square.cpp.o[0m
[17.367s] [ 73%] [32mBuilding CXX object CMakeFiles/mimic.dir/tutorials/mimic.cpp.o[0m
[17.413s] [ 74%] [32m[1mLinking CXX shared library libturtlesim__rosidl_typesupport_fastrtps_cpp.so[0m
[17.419s] [ 75%] [32m[1mLinking CXX shared library libturtlesim__rosidl_typesupport_fastrtps_c.so[0m
[17.484s] [ 75%] Built target turtlesim__rosidl_typesupport_fastrtps_cpp
[17.513s] [ 75%] Built target turtlesim__rosidl_typesupport_fastrtps_c
[17.530s] [ 75%] Built target turtlesim
[17.545s] [ 77%] [32mBuilding CXX object CMakeFiles/turtlesim_node.dir/src/turtle.cpp.o[0m
[17.546s] [ 77%] [32mBuilding CXX object CMakeFiles/turtlesim_node.dir/src/turtle_frame.cpp.o[0m
[17.547s] [ 78%] [32mBuilding CXX object CMakeFiles/turtlesim_node.dir/src/turtlesim.cpp.o[0m
[17.548s] [ 79%] [32mBuilding CXX object CMakeFiles/turtlesim_node.dir/include/turtlesim/moc_turtle_frame.cpp.o[0m
[17.551s] [ 80%] [34m[1mGenerating Python code for ROS interfaces[0m
[19.596s] [ 80%] Built target turtlesim__py
[19.622s] [ 81%] [32mBuilding C object CMakeFiles/turtlesim__rosidl_generator_py.dir/rosidl_generator_py/turtlesim/action/_rotate_absolute_s.c.o[0m
[20.350s] [ 82%] [32mBuilding C object CMakeFiles/turtlesim__rosidl_generator_py.dir/rosidl_generator_py/turtlesim/msg/_color_s.c.o[0m
[20.492s] [ 83%] [32mBuilding C object CMakeFiles/turtlesim__rosidl_generator_py.dir/rosidl_generator_py/turtlesim/msg/_pose_s.c.o[0m
[20.766s] [ 84%] [32mBuilding C object CMakeFiles/turtlesim__rosidl_generator_py.dir/rosidl_generator_py/turtlesim/srv/_kill_s.c.o[0m
[20.902s] [ 85%] [32mBuilding C object CMakeFiles/turtlesim__rosidl_generator_py.dir/rosidl_generator_py/turtlesim/srv/_set_pen_s.c.o[0m
[21.030s] [ 86%] [32mBuilding C object CMakeFiles/turtlesim__rosidl_generator_py.dir/rosidl_generator_py/turtlesim/srv/_spawn_s.c.o[0m
[21.175s] [ 87%] [32mBuilding C object CMakeFiles/turtlesim__rosidl_generator_py.dir/rosidl_generator_py/turtlesim/srv/_teleport_absolute_s.c.o[0m
[21.316s] [ 88%] [32mBuilding C object CMakeFiles/turtlesim__rosidl_generator_py.dir/rosidl_generator_py/turtlesim/srv/_teleport_relative_s.c.o[0m
[21.460s] [ 89%] [32m[1mLinking C shared library rosidl_generator_py/turtlesim/libturtlesim__rosidl_generator_py.so[0m
[21.563s] [ 89%] Built target turtlesim__rosidl_generator_py
[21.591s] [ 90%] [32mBuilding C object CMakeFiles/turtlesim__rosidl_typesupport_fastrtps_c__pyext.dir/rosidl_generator_py/turtlesim/_turtlesim_s.ep.rosidl_typesupport_fastrtps_c.c.o[0m
[21.829s] [ 91%] [32m[1mLinking C shared library rosidl_generator_py/turtlesim/turtlesim_s__rosidl_typesupport_fastrtps_c.cpython-310-x86_64-linux-gnu.so[0m
[21.879s] [ 91%] Built target turtlesim__rosidl_typesupport_fastrtps_c__pyext
[21.905s] [ 92%] [32mBuilding C object CMakeFiles/turtlesim__rosidl_typesupport_introspection_c__pyext.dir/rosidl_generator_py/turtlesim/_turtlesim_s.ep.rosidl_typesupport_introspection_c.c.o[0m
[22.126s] [ 93%] [32m[1mLinking C shared library rosidl_generator_py/turtlesim/turtlesim_s__rosidl_typesupport_introspection_c.cpython-310-x86_64-linux-gnu.so[0m
[22.173s] [ 93%] Built target turtlesim__rosidl_typesupport_introspection_c__pyext
[22.197s] [ 94%] [32mBuilding C object CMakeFiles/turtlesim__rosidl_typesupport_c__pyext.dir/rosidl_generator_py/turtlesim/_turtlesim_s.ep.rosidl_typesupport_c.c.o[0m
[22.406s] [ 95%] [32m[1mLinking C shared library rosidl_generator_py/turtlesim/turtlesim_s__rosidl_typesupport_c.cpython-310-x86_64-linux-gnu.so[0m
[22.458s] [ 95%] Built target turtlesim__rosidl_typesupport_c__pyext
[26.183s] [ 96%] [32m[1mLinking CXX executable turtle_teleop_key[0m
[26.689s] [ 96%] Built target turtle_teleop_key
[28.718s] [ 97%] [32m[1mLinking CXX executable mimic[0m
[29.081s] [ 97%] Built target mimic
[29.289s] [ 98%] [32m[1mLinking CXX executable draw_square[0m
[29.679s] [ 98%] Built target draw_square
[33.056s] [100%] [32m[1mLinking CXX executable turtlesim_node[0m
[34.772s] [100%] Built target turtlesim_node
[34.789s] Invoked command in '/home/cecilia/Documentos/github/prova1-m6/meu_workspace/src/build/turtlesim' returned '0': CMAKE_PREFIX_PATH=/opt/ros/humble /usr/bin/cmake --build /home/cecilia/Documentos/github/prova1-m6/meu_workspace/src/build/turtlesim -- -j8 -l8
[35.110s] Invoking command in '/home/cecilia/Documentos/github/prova1-m6/meu_workspace/src/build/turtlesim': CMAKE_PREFIX_PATH=/opt/ros/humble /usr/bin/cmake --install /home/cecilia/Documentos/github/prova1-m6/meu_workspace/src/build/turtlesim
[35.119s] -- Install configuration: ""
[35.119s] -- Installing: /home/cecilia/Documentos/github/prova1-m6/meu_workspace/src/install/turtlesim/share/ament_index/resource_index/rosidl_interfaces/turtlesim
[35.119s] -- Installing: /home/cecilia/Documentos/github/prova1-m6/meu_workspace/src/install/turtlesim/include/turtlesim/turtlesim
[35.119s] -- Installing: /home/cecilia/Documentos/github/prova1-m6/meu_workspace/src/install/turtlesim/include/turtlesim/turtlesim/msg
[35.119s] -- Installing: /home/cecilia/Documentos/github/prova1-m6/meu_workspace/src/install/turtlesim/include/turtlesim/turtlesim/msg/color.h
[35.119s] -- Installing: /home/cecilia/Documentos/github/prova1-m6/meu_workspace/src/install/turtlesim/include/turtlesim/turtlesim/msg/rosidl_generator_c__visibility_control.h
[35.119s] -- Installing: /home/cecilia/Documentos/github/prova1-m6/meu_workspace/src/install/turtlesim/include/turtlesim/turtlesim/msg/detail
[35.119s] -- Installing: /home/cecilia/Documentos/github/prova1-m6/meu_workspace/src/install/turtlesim/include/turtlesim/turtlesim/msg/detail/pose__struct.h
[35.120s] -- Installing: /home/cecilia/Documentos/github/prova1-m6/meu_workspace/src/install/turtlesim/include/turtlesim/turtlesim/msg/detail/color__functions.c
[35.120s] -- Installing: /home/cecilia/Documentos/github/prova1-m6/meu_workspace/src/install/turtlesim/include/turtlesim/turtlesim/msg/detail/pose__type_support.h
[35.120s] -- Installing: /home/cecilia/Documentos/github/prova1-m6/meu_workspace/src/install/turtlesim/include/turtlesim/turtlesim/msg/detail/color__functions.h
[35.120s] -- Installing: /home/cecilia/Documentos/github/prova1-m6/meu_workspace/src/install/turtlesim/include/turtlesim/turtlesim/msg/detail/pose__functions.h
[35.120s] -- Installing: /home/cecilia/Documentos/github/prova1-m6/meu_workspace/src/install/turtlesim/include/turtlesim/turtlesim/msg/detail/pose__functions.c
[35.120s] -- Installing: /home/cecilia/Documentos/github/prova1-m6/meu_workspace/src/install/turtlesim/include/turtlesim/turtlesim/msg/detail/color__type_support.h
[35.120s] -- Installing: /home/cecilia/Documentos/github/prova1-m6/meu_workspace/src/install/turtlesim/include/turtlesim/turtlesim/msg/detail/color__struct.h
[35.120s] -- Installing: /home/cecilia/Documentos/github/prova1-m6/meu_workspace/src/install/turtlesim/include/turtlesim/turtlesim/msg/pose.h
[35.120s] -- Installing: /home/cecilia/Documentos/github/prova1-m6/meu_workspace/src/install/turtlesim/include/turtlesim/turtlesim/srv
[35.120s] -- Installing: /home/cecilia/Documentos/github/prova1-m6/meu_workspace/src/install/turtlesim/include/turtlesim/turtlesim/srv/teleport_absolute.h
[35.120s] -- Installing: /home/cecilia/Documentos/github/prova1-m6/meu_workspace/src/install/turtlesim/include/turtlesim/turtlesim/srv/detail
[35.121s] -- Installing: /home/cecilia/Documentos/github/prova1-m6/meu_workspace/src/install/turtlesim/include/turtlesim/turtlesim/srv/detail/teleport_absolute__type_support.h
[35.121s] -- Installing: /home/cecilia/Documentos/github/prova1-m6/meu_workspace/src/install/turtlesim/include/turtlesim/turtlesim/srv/detail/kill__type_support.h
[35.121s] -- Installing: /home/cecilia/Documentos/github/prova1-m6/meu_workspace/src/install/turtlesim/include/turtlesim/turtlesim/srv/detail/kill__functions.c
[35.121s] -- Installing: /home/cecilia/Documentos/github/prova1-m6/meu_workspace/src/install/turtlesim/include/turtlesim/turtlesim/srv/detail/spawn__struct.h
[35.121s] -- Installing: /home/cecilia/Documentos/github/prova1-m6/meu_workspace/src/install/turtlesim/include/turtlesim/turtlesim/srv/detail/set_pen__functions.c
[35.121s] -- Installing: /home/cecilia/Documentos/github/prova1-m6/meu_workspace/src/install/turtlesim/include/turtlesim/turtlesim/srv/detail/set_pen__functions.h
[35.121s] -- Installing: /home/cecilia/Documentos/github/prova1-m6/meu_workspace/src/install/turtlesim/include/turtlesim/turtlesim/srv/detail/teleport_absolute__struct.h
[35.121s] -- Installing: /home/cecilia/Documentos/github/prova1-m6/meu_workspace/src/install/turtlesim/include/turtlesim/turtlesim/srv/detail/set_pen__type_support.h
[35.121s] -- Installing: /home/cecilia/Documentos/github/prova1-m6/meu_workspace/src/install/turtlesim/include/turtlesim/turtlesim/srv/detail/teleport_relative__functions.c
[35.122s] -- Installing: /home/cecilia/Documentos/github/prova1-m6/meu_workspace/src/install/turtlesim/include/turtlesim/turtlesim/srv/detail/teleport_relative__type_support.h
[35.122s] -- Installing: /home/cecilia/Documentos/github/prova1-m6/meu_workspace/src/install/turtlesim/include/turtlesim/turtlesim/srv/detail/spawn__type_support.h
[35.122s] -- Installing: /home/cecilia/Documentos/github/prova1-m6/meu_workspace/src/install/turtlesim/include/turtlesim/turtlesim/srv/detail/kill__struct.h
[35.122s] -- Installing: /home/cecilia/Documentos/github/prova1-m6/meu_workspace/src/install/turtlesim/include/turtlesim/turtlesim/srv/detail/teleport_absolute__functions.h
[35.122s] -- Installing: /home/cecilia/Documentos/github/prova1-m6/meu_workspace/src/install/turtlesim/include/turtlesim/turtlesim/srv/detail/spawn__functions.c
[35.122s] -- Installing: /home/cecilia/Documentos/github/prova1-m6/meu_workspace/src/install/turtlesim/include/turtlesim/turtlesim/srv/detail/teleport_relative__struct.h
[35.122s] -- Installing: /home/cecilia/Documentos/github/prova1-m6/meu_workspace/src/install/turtlesim/include/turtlesim/turtlesim/srv/detail/teleport_absolute__functions.c
[35.122s] -- Installing: /home/cecilia/Documentos/github/prova1-m6/meu_workspace/src/install/turtlesim/include/turtlesim/turtlesim/srv/detail/teleport_relative__functions.h
[35.122s] -- Installing: /home/cecilia/Documentos/github/prova1-m6/meu_workspace/src/install/turtlesim/include/turtlesim/turtlesim/srv/detail/spawn__functions.h
[35.122s] -- Installing: /home/cecilia/Documentos/github/prova1-m6/meu_workspace/src/install/turtlesim/include/turtlesim/turtlesim/srv/detail/set_pen__struct.h
[35.122s] -- Installing: /home/cecilia/Documentos/github/prova1-m6/meu_workspace/src/install/turtlesim/include/turtlesim/turtlesim/srv/detail/kill__functions.h
[35.122s] -- Installing: /home/cecilia/Documentos/github/prova1-m6/meu_workspace/src/install/turtlesim/include/turtlesim/turtlesim/srv/teleport_relative.h
[35.122s] -- Installing: /home/cecilia/Documentos/github/prova1-m6/meu_workspace/src/install/turtlesim/include/turtlesim/turtlesim/srv/set_pen.h
[35.122s] -- Installing: /home/cecilia/Documentos/github/prova1-m6/meu_workspace/src/install/turtlesim/include/turtlesim/turtlesim/srv/kill.h
[35.123s] -- Installing: /home/cecilia/Documentos/github/prova1-m6/meu_workspace/src/install/turtlesim/include/turtlesim/turtlesim/srv/spawn.h
[35.123s] -- Installing: /home/cecilia/Documentos/github/prova1-m6/meu_workspace/src/install/turtlesim/include/turtlesim/turtlesim/action
[35.123s] -- Installing: /home/cecilia/Documentos/github/prova1-m6/meu_workspace/src/install/turtlesim/include/turtlesim/turtlesim/action/rotate_absolute.h
[35.123s] -- Installing: /home/cecilia/Documentos/github/prova1-m6/meu_workspace/src/install/turtlesim/include/turtlesim/turtlesim/action/detail
[35.123s] -- Installing: /home/cecilia/Documentos/github/prova1-m6/meu_workspace/src/install/turtlesim/include/turtlesim/turtlesim/action/detail/rotate_absolute__struct.h
[35.123s] -- Installing: /home/cecilia/Documentos/github/prova1-m6/meu_workspace/src/install/turtlesim/include/turtlesim/turtlesim/action/detail/rotate_absolute__type_support.h
[35.123s] -- Installing: /home/cecilia/Documentos/github/prova1-m6/meu_workspace/src/install/turtlesim/include/turtlesim/turtlesim/action/detail/rotate_absolute__functions.c
[35.123s] -- Installing: /home/cecilia/Documentos/github/prova1-m6/meu_workspace/src/install/turtlesim/include/turtlesim/turtlesim/action/detail/rotate_absolute__functions.h
[35.123s] -- Installing: /home/cecilia/Documentos/github/prova1-m6/meu_workspace/src/install/turtlesim/share/turtlesim/environment/library_path.sh
[35.123s] -- Installing: /home/cecilia/Documentos/github/prova1-m6/meu_workspace/src/install/turtlesim/share/turtlesim/environment/library_path.dsv
[35.123s] -- Installing: /home/cecilia/Documentos/github/prova1-m6/meu_workspace/src/install/turtlesim/lib/libturtlesim__rosidl_generator_c.so
[35.124s] -- Set runtime path of "/home/cecilia/Documentos/github/prova1-m6/meu_workspace/src/install/turtlesim/lib/libturtlesim__rosidl_generator_c.so" to ""
[35.124s] -- Up-to-date: /home/cecilia/Documentos/github/prova1-m6/meu_workspace/src/install/turtlesim/include/turtlesim/turtlesim
[35.124s] -- Up-to-date: /home/cecilia/Documentos/github/prova1-m6/meu_workspace/src/install/turtlesim/include/turtlesim/turtlesim/msg
[35.124s] -- Installing: /home/cecilia/Documentos/github/prova1-m6/meu_workspace/src/install/turtlesim/include/turtlesim/turtlesim/msg/rosidl_typesupport_fastrtps_c__visibility_control.h
[35.124s] -- Up-to-date: /home/cecilia/Documentos/github/prova1-m6/meu_workspace/src/install/turtlesim/include/turtlesim/turtlesim/msg/detail
[35.124s] -- Installing: /home/cecilia/Documentos/github/prova1-m6/meu_workspace/src/install/turtlesim/include/turtlesim/turtlesim/msg/detail/color__rosidl_typesupport_fastrtps_c.h
[35.124s] -- Installing: /home/cecilia/Documentos/github/prova1-m6/meu_workspace/src/install/turtlesim/include/turtlesim/turtlesim/msg/detail/pose__rosidl_typesupport_fastrtps_c.h
[35.124s] -- Up-to-date: /home/cecilia/Documentos/github/prova1-m6/meu_workspace/src/install/turtlesim/include/turtlesim/turtlesim/srv
[35.124s] -- Up-to-date: /home/cecilia/Documentos/github/prova1-m6/meu_workspace/src/install/turtlesim/include/turtlesim/turtlesim/srv/detail
[35.124s] -- Installing: /home/cecilia/Documentos/github/prova1-m6/meu_workspace/src/install/turtlesim/include/turtlesim/turtlesim/srv/detail/teleport_absolute__rosidl_typesupport_fastrtps_c.h
[35.124s] -- Installing: /home/cecilia/Documentos/github/prova1-m6/meu_workspace/src/install/turtlesim/include/turtlesim/turtlesim/srv/detail/spawn__rosidl_typesupport_fastrtps_c.h
[35.124s] -- Installing: /home/cecilia/Documentos/github/prova1-m6/meu_workspace/src/install/turtlesim/include/turtlesim/turtlesim/srv/detail/kill__rosidl_typesupport_fastrtps_c.h
[35.124s] -- Installing: /home/cecilia/Documentos/github/prova1-m6/meu_workspace/src/install/turtlesim/include/turtlesim/turtlesim/srv/detail/teleport_relative__rosidl_typesupport_fastrtps_c.h
[35.125s] -- Installing: /home/cecilia/Documentos/github/prova1-m6/meu_workspace/src/install/turtlesim/include/turtlesim/turtlesim/srv/detail/set_pen__rosidl_typesupport_fastrtps_c.h
[35.125s] -- Up-to-date: /home/cecilia/Documentos/github/prova1-m6/meu_workspace/src/install/turtlesim/include/turtlesim/turtlesim/action
[35.125s] -- Up-to-date: /home/cecilia/Documentos/github/prova1-m6/meu_workspace/src/install/turtlesim/include/turtlesim/turtlesim/action/detail
[35.125s] -- Installing: /home/cecilia/Documentos/github/prova1-m6/meu_workspace/src/install/turtlesim/include/turtlesim/turtlesim/action/detail/rotate_absolute__rosidl_typesupport_fastrtps_c.h
[35.125s] -- Installing: /home/cecilia/Documentos/github/prova1-m6/meu_workspace/src/install/turtlesim/lib/libturtlesim__rosidl_typesupport_fastrtps_c.so
[35.125s] -- Set runtime path of "/home/cecilia/Documentos/github/prova1-m6/meu_workspace/src/install/turtlesim/lib/libturtlesim__rosidl_typesupport_fastrtps_c.so" to ""
[35.125s] -- Up-to-date: /home/cecilia/Documentos/github/prova1-m6/meu_workspace/src/install/turtlesim/include/turtlesim/turtlesim
[35.125s] -- Up-to-date: /home/cecilia/Documentos/github/prova1-m6/meu_workspace/src/install/turtlesim/include/turtlesim/turtlesim/msg
[35.125s] -- Installing: /home/cecilia/Documentos/github/prova1-m6/meu_workspace/src/install/turtlesim/include/turtlesim/turtlesim/msg/pose.hpp
[35.125s] -- Installing: /home/cecilia/Documentos/github/prova1-m6/meu_workspace/src/install/turtlesim/include/turtlesim/turtlesim/msg/color.hpp
[35.125s] -- Up-to-date: /home/cecilia/Documentos/github/prova1-m6/meu_workspace/src/install/turtlesim/include/turtlesim/turtlesim/msg/detail
[35.125s] -- Installing: /home/cecilia/Documentos/github/prova1-m6/meu_workspace/src/install/turtlesim/include/turtlesim/turtlesim/msg/detail/color__traits.hpp
[35.125s] -- Installing: /home/cecilia/Documentos/github/prova1-m6/meu_workspace/src/install/turtlesim/include/turtlesim/turtlesim/msg/detail/pose__builder.hpp
[35.125s] -- Installing: /home/cecilia/Documentos/github/prova1-m6/meu_workspace/src/install/turtlesim/include/turtlesim/turtlesim/msg/detail/pose__struct.hpp
[35.125s] -- Installing: /home/cecilia/Documentos/github/prova1-m6/meu_workspace/src/install/turtlesim/include/turtlesim/turtlesim/msg/detail/pose__traits.hpp
[35.125s] -- Installing: /home/cecilia/Documentos/github/prova1-m6/meu_workspace/src/install/turtlesim/include/turtlesim/turtlesim/msg/detail/color__struct.hpp
[35.125s] -- Installing: /home/cecilia/Documentos/github/prova1-m6/meu_workspace/src/install/turtlesim/include/turtlesim/turtlesim/msg/detail/color__builder.hpp
[35.126s] -- Up-to-date: /home/cecilia/Documentos/github/prova1-m6/meu_workspace/src/install/turtlesim/include/turtlesim/turtlesim/srv
[35.126s] -- Installing: /home/cecilia/Documentos/github/prova1-m6/meu_workspace/src/install/turtlesim/include/turtlesim/turtlesim/srv/set_pen.hpp
[35.126s] -- Installing: /home/cecilia/Documentos/github/prova1-m6/meu_workspace/src/install/turtlesim/include/turtlesim/turtlesim/srv/teleport_absolute.hpp
[35.126s] -- Installing: /home/cecilia/Documentos/github/prova1-m6/meu_workspace/src/install/turtlesim/include/turtlesim/turtlesim/srv/spawn.hpp
[35.126s] -- Up-to-date: /home/cecilia/Documentos/github/prova1-m6/meu_workspace/src/install/turtlesim/include/turtlesim/turtlesim/srv/detail
[35.126s] -- Installing: /home/cecilia/Documentos/github/prova1-m6/meu_workspace/src/install/turtlesim/include/turtlesim/turtlesim/srv/detail/kill__traits.hpp
[35.126s] -- Installing: /home/cecilia/Documentos/github/prova1-m6/meu_workspace/src/install/turtlesim/include/turtlesim/turtlesim/srv/detail/spawn__struct.hpp
[35.126s] -- Installing: /home/cecilia/Documentos/github/prova1-m6/meu_workspace/src/install/turtlesim/include/turtlesim/turtlesim/srv/detail/set_pen__struct.hpp
[35.126s] -- Installing: /home/cecilia/Documentos/github/prova1-m6/meu_workspace/src/install/turtlesim/include/turtlesim/turtlesim/srv/detail/set_pen__traits.hpp
[35.126s] -- Installing: /home/cecilia/Documentos/github/prova1-m6/meu_workspace/src/install/turtlesim/include/turtlesim/turtlesim/srv/detail/kill__struct.hpp
[35.126s] -- Installing: /home/cecilia/Documentos/github/prova1-m6/meu_workspace/src/install/turtlesim/include/turtlesim/turtlesim/srv/detail/teleport_absolute__traits.hpp
[35.126s] -- Installing: /home/cecilia/Documentos/github/prova1-m6/meu_workspace/src/install/turtlesim/include/turtlesim/turtlesim/srv/detail/spawn__builder.hpp
[35.126s] -- Installing: /home/cecilia/Documentos/github/prova1-m6/meu_workspace/src/install/turtlesim/include/turtlesim/turtlesim/srv/detail/spawn__traits.hpp
[35.126s] -- Installing: /home/cecilia/Documentos/github/prova1-m6/meu_workspace/src/install/turtlesim/include/turtlesim/turtlesim/srv/detail/teleport_absolute__struct.hpp
[35.126s] -- Installing: /home/cecilia/Documentos/github/prova1-m6/meu_workspace/src/install/turtlesim/include/turtlesim/turtlesim/srv/detail/teleport_absolute__builder.hpp
[35.126s] -- Installing: /home/cecilia/Documentos/github/prova1-m6/meu_workspace/src/install/turtlesim/include/turtlesim/turtlesim/srv/detail/teleport_relative__struct.hpp
[35.126s] -- Installing: /home/cecilia/Documentos/github/prova1-m6/meu_workspace/src/install/turtlesim/include/turtlesim/turtlesim/srv/detail/kill__builder.hpp
[35.126s] -- Installing: /home/cecilia/Documentos/github/prova1-m6/meu_workspace/src/install/turtlesim/include/turtlesim/turtlesim/srv/detail/teleport_relative__builder.hpp
[35.126s] -- Installing: /home/cecilia/Documentos/github/prova1-m6/meu_workspace/src/install/turtlesim/include/turtlesim/turtlesim/srv/detail/set_pen__builder.hpp
[35.126s] -- Installing: /home/cecilia/Documentos/github/prova1-m6/meu_workspace/src/install/turtlesim/include/turtlesim/turtlesim/srv/detail/teleport_relative__traits.hpp
[35.127s] -- Installing: /home/cecilia/Documentos/github/prova1-m6/meu_workspace/src/install/turtlesim/include/turtlesim/turtlesim/srv/kill.hpp
[35.127s] -- Installing: /home/cecilia/Documentos/github/prova1-m6/meu_workspace/src/install/turtlesim/include/turtlesim/turtlesim/srv/teleport_relative.hpp
[35.127s] -- Up-to-date: /home/cecilia/Documentos/github/prova1-m6/meu_workspace/src/install/turtlesim/include/turtlesim/turtlesim/action
[35.127s] -- Installing: /home/cecilia/Documentos/github/prova1-m6/meu_workspace/src/install/turtlesim/include/turtlesim/turtlesim/action/rotate_absolute.hpp
[35.127s] -- Up-to-date: /home/cecilia/Documentos/github/prova1-m6/meu_workspace/src/install/turtlesim/include/turtlesim/turtlesim/action/detail
[35.127s] -- Installing: /home/cecilia/Documentos/github/prova1-m6/meu_workspace/src/install/turtlesim/include/turtlesim/turtlesim/action/detail/rotate_absolute__struct.hpp
[35.127s] -- Installing: /home/cecilia/Documentos/github/prova1-m6/meu_workspace/src/install/turtlesim/include/turtlesim/turtlesim/action/detail/rotate_absolute__builder.hpp
[35.127s] -- Installing: /home/cecilia/Documentos/github/prova1-m6/meu_workspace/src/install/turtlesim/include/turtlesim/turtlesim/action/detail/rotate_absolute__traits.hpp
[35.127s] -- Up-to-date: /home/cecilia/Documentos/github/prova1-m6/meu_workspace/src/install/turtlesim/include/turtlesim/turtlesim
[35.127s] -- Up-to-date: /home/cecilia/Documentos/github/prova1-m6/meu_workspace/src/install/turtlesim/include/turtlesim/turtlesim/msg
[35.127s] -- Installing: /home/cecilia/Documentos/github/prova1-m6/meu_workspace/src/install/turtlesim/include/turtlesim/turtlesim/msg/rosidl_typesupport_fastrtps_cpp__visibility_control.h
[35.127s] -- Up-to-date: /home/cecilia/Documentos/github/prova1-m6/meu_workspace/src/install/turtlesim/include/turtlesim/turtlesim/msg/detail
[35.127s] -- Installing: /home/cecilia/Documentos/github/prova1-m6/meu_workspace/src/install/turtlesim/include/turtlesim/turtlesim/msg/detail/pose__rosidl_typesupport_fastrtps_cpp.hpp
[35.127s] -- Installing: /home/cecilia/Documentos/github/prova1-m6/meu_workspace/src/install/turtlesim/include/turtlesim/turtlesim/msg/detail/dds_fastrtps
[35.127s] -- Installing: /home/cecilia/Documentos/github/prova1-m6/meu_workspace/src/install/turtlesim/include/turtlesim/turtlesim/msg/detail/color__rosidl_typesupport_fastrtps_cpp.hpp
[35.127s] -- Up-to-date: /home/cecilia/Documentos/github/prova1-m6/meu_workspace/src/install/turtlesim/include/turtlesim/turtlesim/srv
[35.127s] -- Up-to-date: /home/cecilia/Documentos/github/prova1-m6/meu_workspace/src/install/turtlesim/include/turtlesim/turtlesim/srv/detail
[35.127s] -- Installing: /home/cecilia/Documentos/github/prova1-m6/meu_workspace/src/install/turtlesim/include/turtlesim/turtlesim/srv/detail/teleport_absolute__rosidl_typesupport_fastrtps_cpp.hpp
[35.127s] -- Installing: /home/cecilia/Documentos/github/prova1-m6/meu_workspace/src/install/turtlesim/include/turtlesim/turtlesim/srv/detail/dds_fastrtps
[35.127s] -- Installing: /home/cecilia/Documentos/github/prova1-m6/meu_workspace/src/install/turtlesim/include/turtlesim/turtlesim/srv/detail/kill__rosidl_typesupport_fastrtps_cpp.hpp
[35.128s] -- Installing: /home/cecilia/Documentos/github/prova1-m6/meu_workspace/src/install/turtlesim/include/turtlesim/turtlesim/srv/detail/spawn__rosidl_typesupport_fastrtps_cpp.hpp
[35.128s] -- Installing: /home/cecilia/Documentos/github/prova1-m6/meu_workspace/src/install/turtlesim/include/turtlesim/turtlesim/srv/detail/teleport_relative__rosidl_typesupport_fastrtps_cpp.hpp
[35.128s] -- Installing: /home/cecilia/Documentos/github/prova1-m6/meu_workspace/src/install/turtlesim/include/turtlesim/turtlesim/srv/detail/set_pen__rosidl_typesupport_fastrtps_cpp.hpp
[35.128s] -- Up-to-date: /home/cecilia/Documentos/github/prova1-m6/meu_workspace/src/install/turtlesim/include/turtlesim/turtlesim/action
[35.128s] -- Up-to-date: /home/cecilia/Documentos/github/prova1-m6/meu_workspace/src/install/turtlesim/include/turtlesim/turtlesim/action/detail
[35.128s] -- Installing: /home/cecilia/Documentos/github/prova1-m6/meu_workspace/src/install/turtlesim/include/turtlesim/turtlesim/action/detail/dds_fastrtps
[35.128s] -- Installing: /home/cecilia/Documentos/github/prova1-m6/meu_workspace/src/install/turtlesim/include/turtlesim/turtlesim/action/detail/rotate_absolute__rosidl_typesupport_fastrtps_cpp.hpp
[35.128s] -- Installing: /home/cecilia/Documentos/github/prova1-m6/meu_workspace/src/install/turtlesim/lib/libturtlesim__rosidl_typesupport_fastrtps_cpp.so
[35.128s] -- Set runtime path of "/home/cecilia/Documentos/github/prova1-m6/meu_workspace/src/install/turtlesim/lib/libturtlesim__rosidl_typesupport_fastrtps_cpp.so" to ""
[35.128s] -- Up-to-date: /home/cecilia/Documentos/github/prova1-m6/meu_workspace/src/install/turtlesim/include/turtlesim/turtlesim
[35.128s] -- Up-to-date: /home/cecilia/Documentos/github/prova1-m6/meu_workspace/src/install/turtlesim/include/turtlesim/turtlesim/msg
[35.128s] -- Up-to-date: /home/cecilia/Documentos/github/prova1-m6/meu_workspace/src/install/turtlesim/include/turtlesim/turtlesim/msg/detail
[35.128s] -- Installing: /home/cecilia/Documentos/github/prova1-m6/meu_workspace/src/install/turtlesim/include/turtlesim/turtlesim/msg/detail/color__type_support.c
[35.128s] -- Installing: /home/cecilia/Documentos/github/prova1-m6/meu_workspace/src/install/turtlesim/include/turtlesim/turtlesim/msg/detail/pose__type_support.c
[35.128s] -- Installing: /home/cecilia/Documentos/github/prova1-m6/meu_workspace/src/install/turtlesim/include/turtlesim/turtlesim/msg/detail/color__rosidl_typesupport_introspection_c.h
[35.128s] -- Installing: /home/cecilia/Documentos/github/prova1-m6/meu_workspace/src/install/turtlesim/include/turtlesim/turtlesim/msg/detail/pose__rosidl_typesupport_introspection_c.h
[35.128s] -- Installing: /home/cecilia/Documentos/github/prova1-m6/meu_workspace/src/install/turtlesim/include/turtlesim/turtlesim/msg/rosidl_typesupport_introspection_c__visibility_control.h
[35.129s] -- Up-to-date: /home/cecilia/Documentos/github/prova1-m6/meu_workspace/src/install/turtlesim/include/turtlesim/turtlesim/srv
[35.129s] -- Up-to-date: /home/cecilia/Documentos/github/prova1-m6/meu_workspace/src/install/turtlesim/include/turtlesim/turtlesim/srv/detail
[35.129s] -- Installing: /home/cecilia/Documentos/github/prova1-m6/meu_workspace/src/install/turtlesim/include/turtlesim/turtlesim/srv/detail/kill__type_support.c
[35.129s] -- Installing: /home/cecilia/Documentos/github/prova1-m6/meu_workspace/src/install/turtlesim/include/turtlesim/turtlesim/srv/detail/set_pen__rosidl_typesupport_introspection_c.h
[35.129s] -- Installing: /home/cecilia/Documentos/github/prova1-m6/meu_workspace/src/install/turtlesim/include/turtlesim/turtlesim/srv/detail/teleport_absolute__type_support.c
[35.129s] -- Installing: /home/cecilia/Documentos/github/prova1-m6/meu_workspace/src/install/turtlesim/include/turtlesim/turtlesim/srv/detail/spawn__rosidl_typesupport_introspection_c.h
[35.129s] -- Installing: /home/cecilia/Documentos/github/prova1-m6/meu_workspace/src/install/turtlesim/include/turtlesim/turtlesim/srv/detail/teleport_relative__type_support.c
[35.129s] -- Installing: /home/cecilia/Documentos/github/prova1-m6/meu_workspace/src/install/turtlesim/include/turtlesim/turtlesim/srv/detail/teleport_absolute__rosidl_typesupport_introspection_c.h
[35.129s] -- Installing: /home/cecilia/Documentos/github/prova1-m6/meu_workspace/src/install/turtlesim/include/turtlesim/turtlesim/srv/detail/set_pen__type_support.c
[35.129s] -- Installing: /home/cecilia/Documentos/github/prova1-m6/meu_workspace/src/install/turtlesim/include/turtlesim/turtlesim/srv/detail/teleport_relative__rosidl_typesupport_introspection_c.h
[35.129s] -- Installing: /home/cecilia/Documentos/github/prova1-m6/meu_workspace/src/install/turtlesim/include/turtlesim/turtlesim/srv/detail/kill__rosidl_typesupport_introspection_c.h
[35.129s] -- Installing: /home/cecilia/Documentos/github/prova1-m6/meu_workspace/src/install/turtlesim/include/turtlesim/turtlesim/srv/detail/spawn__type_support.c
[35.129s] -- Up-to-date: /home/cecilia/Documentos/github/prova1-m6/meu_workspace/src/install/turtlesim/include/turtlesim/turtlesim/action
[35.129s] -- Up-to-date: /home/cecilia/Documentos/github/prova1-m6/meu_workspace/src/install/turtlesim/include/turtlesim/turtlesim/action/detail
[35.129s] -- Installing: /home/cecilia/Documentos/github/prova1-m6/meu_workspace/src/install/turtlesim/include/turtlesim/turtlesim/action/detail/rotate_absolute__type_support.c
[35.129s] -- Installing: /home/cecilia/Documentos/github/prova1-m6/meu_workspace/src/install/turtlesim/include/turtlesim/turtlesim/action/detail/rotate_absolute__rosidl_typesupport_introspection_c.h
[35.129s] -- Installing: /home/cecilia/Documentos/github/prova1-m6/meu_workspace/src/install/turtlesim/lib/libturtlesim__rosidl_typesupport_introspection_c.so
[35.130s] -- Set runtime path of "/home/cecilia/Documentos/github/prova1-m6/meu_workspace/src/install/turtlesim/lib/libturtlesim__rosidl_typesupport_introspection_c.so" to ""
[35.130s] -- Installing: /home/cecilia/Documentos/github/prova1-m6/meu_workspace/src/install/turtlesim/lib/libturtlesim__rosidl_typesupport_c.so
[35.130s] -- Set runtime path of "/home/cecilia/Documentos/github/prova1-m6/meu_workspace/src/install/turtlesim/lib/libturtlesim__rosidl_typesupport_c.so" to ""
[35.130s] -- Up-to-date: /home/cecilia/Documentos/github/prova1-m6/meu_workspace/src/install/turtlesim/include/turtlesim/turtlesim
[35.130s] -- Up-to-date: /home/cecilia/Documentos/github/prova1-m6/meu_workspace/src/install/turtlesim/include/turtlesim/turtlesim/msg
[35.130s] -- Up-to-date: /home/cecilia/Documentos/github/prova1-m6/meu_workspace/src/install/turtlesim/include/turtlesim/turtlesim/msg/detail
[35.130s] -- Installing: /home/cecilia/Documentos/github/prova1-m6/meu_workspace/src/install/turtlesim/include/turtlesim/turtlesim/msg/detail/pose__rosidl_typesupport_introspection_cpp.hpp
[35.130s] -- Installing: /home/cecilia/Documentos/github/prova1-m6/meu_workspace/src/install/turtlesim/include/turtlesim/turtlesim/msg/detail/color__type_support.cpp
[35.130s] -- Installing: /home/cecilia/Documentos/github/prova1-m6/meu_workspace/src/install/turtlesim/include/turtlesim/turtlesim/msg/detail/color__rosidl_typesupport_introspection_cpp.hpp
[35.130s] -- Installing: /home/cecilia/Documentos/github/prova1-m6/meu_workspace/src/install/turtlesim/include/turtlesim/turtlesim/msg/detail/pose__type_support.cpp
[35.130s] -- Up-to-date: /home/cecilia/Documentos/github/prova1-m6/meu_workspace/src/install/turtlesim/include/turtlesim/turtlesim/srv
[35.130s] -- Up-to-date: /home/cecilia/Documentos/github/prova1-m6/meu_workspace/src/install/turtlesim/include/turtlesim/turtlesim/srv/detail
[35.130s] -- Installing: /home/cecilia/Documentos/github/prova1-m6/meu_workspace/src/install/turtlesim/include/turtlesim/turtlesim/srv/detail/teleport_absolute__type_support.cpp
[35.130s] -- Installing: /home/cecilia/Documentos/github/prova1-m6/meu_workspace/src/install/turtlesim/include/turtlesim/turtlesim/srv/detail/kill__type_support.cpp
[35.130s] -- Installing: /home/cecilia/Documentos/github/prova1-m6/meu_workspace/src/install/turtlesim/include/turtlesim/turtlesim/srv/detail/kill__rosidl_typesupport_introspection_cpp.hpp
[35.130s] -- Installing: /home/cecilia/Documentos/github/prova1-m6/meu_workspace/src/install/turtlesim/include/turtlesim/turtlesim/srv/detail/spawn__rosidl_typesupport_introspection_cpp.hpp
[35.130s] -- Installing: /home/cecilia/Documentos/github/prova1-m6/meu_workspace/src/install/turtlesim/include/turtlesim/turtlesim/srv/detail/set_pen__type_support.cpp
[35.130s] -- Installing: /home/cecilia/Documentos/github/prova1-m6/meu_workspace/src/install/turtlesim/include/turtlesim/turtlesim/srv/detail/teleport_relative__rosidl_typesupport_introspection_cpp.hpp
[35.131s] -- Installing: /home/cecilia/Documentos/github/prova1-m6/meu_workspace/src/install/turtlesim/include/turtlesim/turtlesim/srv/detail/spawn__type_support.cpp
[35.131s] -- Installing: /home/cecilia/Documentos/github/prova1-m6/meu_workspace/src/install/turtlesim/include/turtlesim/turtlesim/srv/detail/teleport_relative__type_support.cpp
[35.131s] -- Installing: /home/cecilia/Documentos/github/prova1-m6/meu_workspace/src/install/turtlesim/include/turtlesim/turtlesim/srv/detail/teleport_absolute__rosidl_typesupport_introspection_cpp.hpp
[35.131s] -- Installing: /home/cecilia/Documentos/github/prova1-m6/meu_workspace/src/install/turtlesim/include/turtlesim/turtlesim/srv/detail/set_pen__rosidl_typesupport_introspection_cpp.hpp
[35.131s] -- Up-to-date: /home/cecilia/Documentos/github/prova1-m6/meu_workspace/src/install/turtlesim/include/turtlesim/turtlesim/action
[35.131s] -- Up-to-date: /home/cecilia/Documentos/github/prova1-m6/meu_workspace/src/install/turtlesim/include/turtlesim/turtlesim/action/detail
[35.131s] -- Installing: /home/cecilia/Documentos/github/prova1-m6/meu_workspace/src/install/turtlesim/include/turtlesim/turtlesim/action/detail/rotate_absolute__type_support.cpp
[35.131s] -- Installing: /home/cecilia/Documentos/github/prova1-m6/meu_workspace/src/install/turtlesim/include/turtlesim/turtlesim/action/detail/rotate_absolute__rosidl_typesupport_introspection_cpp.hpp
[35.131s] -- Installing: /home/cecilia/Documentos/github/prova1-m6/meu_workspace/src/install/turtlesim/lib/libturtlesim__rosidl_typesupport_introspection_cpp.so
[35.131s] -- Set runtime path of "/home/cecilia/Documentos/github/prova1-m6/meu_workspace/src/install/turtlesim/lib/libturtlesim__rosidl_typesupport_introspection_cpp.so" to ""
[35.131s] -- Installing: /home/cecilia/Documentos/github/prova1-m6/meu_workspace/src/install/turtlesim/lib/libturtlesim__rosidl_typesupport_cpp.so
[35.131s] -- Set runtime path of "/home/cecilia/Documentos/github/prova1-m6/meu_workspace/src/install/turtlesim/lib/libturtlesim__rosidl_typesupport_cpp.so" to ""
[35.131s] -- Installing: /home/cecilia/Documentos/github/prova1-m6/meu_workspace/src/install/turtlesim/share/turtlesim/environment/pythonpath.sh
[35.131s] -- Installing: /home/cecilia/Documentos/github/prova1-m6/meu_workspace/src/install/turtlesim/share/turtlesim/environment/pythonpath.dsv
[35.132s] -- Installing: /home/cecilia/Documentos/github/prova1-m6/meu_workspace/src/install/turtlesim/local/lib/python3.10/dist-packages/turtlesim-1.4.2-py3.10.egg-info
[35.132s] -- Installing: /home/cecilia/Documentos/github/prova1-m6/meu_workspace/src/install/turtlesim/local/lib/python3.10/dist-packages/turtlesim-1.4.2-py3.10.egg-info/PKG-INFO
[35.132s] -- Installing: /home/cecilia/Documentos/github/prova1-m6/meu_workspace/src/install/turtlesim/local/lib/python3.10/dist-packages/turtlesim-1.4.2-py3.10.egg-info/SOURCES.txt
[35.132s] -- Installing: /home/cecilia/Documentos/github/prova1-m6/meu_workspace/src/install/turtlesim/local/lib/python3.10/dist-packages/turtlesim-1.4.2-py3.10.egg-info/top_level.txt
[35.132s] -- Installing: /home/cecilia/Documentos/github/prova1-m6/meu_workspace/src/install/turtlesim/local/lib/python3.10/dist-packages/turtlesim-1.4.2-py3.10.egg-info/dependency_links.txt
[35.132s] -- Installing: /home/cecilia/Documentos/github/prova1-m6/meu_workspace/src/install/turtlesim/local/lib/python3.10/dist-packages/turtlesim
[35.132s] -- Installing: /home/cecilia/Documentos/github/prova1-m6/meu_workspace/src/install/turtlesim/local/lib/python3.10/dist-packages/turtlesim/libturtlesim__rosidl_generator_py.so
[35.132s] -- Installing: /home/cecilia/Documentos/github/prova1-m6/meu_workspace/src/install/turtlesim/local/lib/python3.10/dist-packages/turtlesim/_turtlesim_s.ep.rosidl_typesupport_introspection_c.c
[35.132s] -- Installing: /home/cecilia/Documentos/github/prova1-m6/meu_workspace/src/install/turtlesim/local/lib/python3.10/dist-packages/turtlesim/_turtlesim_s.ep.rosidl_typesupport_c.c
[35.132s] -- Installing: /home/cecilia/Documentos/github/prova1-m6/meu_workspace/src/install/turtlesim/local/lib/python3.10/dist-packages/turtlesim/turtlesim_s__rosidl_typesupport_c.cpython-310-x86_64-linux-gnu.so
[35.132s] -- Installing: /home/cecilia/Documentos/github/prova1-m6/meu_workspace/src/install/turtlesim/local/lib/python3.10/dist-packages/turtlesim/turtlesim_s__rosidl_typesupport_introspection_c.cpython-310-x86_64-linux-gnu.so
[35.132s] -- Installing: /home/cecilia/Documentos/github/prova1-m6/meu_workspace/src/install/turtlesim/local/lib/python3.10/dist-packages/turtlesim/msg
[35.133s] -- Installing: /home/cecilia/Documentos/github/prova1-m6/meu_workspace/src/install/turtlesim/local/lib/python3.10/dist-packages/turtlesim/msg/_pose.py
[35.133s] -- Installing: /home/cecilia/Documentos/github/prova1-m6/meu_workspace/src/install/turtlesim/local/lib/python3.10/dist-packages/turtlesim/msg/_color_s.c
[35.133s] -- Installing: /home/cecilia/Documentos/github/prova1-m6/meu_workspace/src/install/turtlesim/local/lib/python3.10/dist-packages/turtlesim/msg/_pose_s.c
[35.133s] -- Installing: /home/cecilia/Documentos/github/prova1-m6/meu_workspace/src/install/turtlesim/local/lib/python3.10/dist-packages/turtlesim/msg/_color.py
[35.133s] -- Installing: /home/cecilia/Documentos/github/prova1-m6/meu_workspace/src/install/turtlesim/local/lib/python3.10/dist-packages/turtlesim/msg/__init__.py
[35.133s] -- Installing: /home/cecilia/Documentos/github/prova1-m6/meu_workspace/src/install/turtlesim/local/lib/python3.10/dist-packages/turtlesim/turtlesim_s__rosidl_typesupport_fastrtps_c.cpython-310-x86_64-linux-gnu.so
[35.133s] -- Installing: /home/cecilia/Documentos/github/prova1-m6/meu_workspace/src/install/turtlesim/local/lib/python3.10/dist-packages/turtlesim/srv
[35.133s] -- Installing: /home/cecilia/Documentos/github/prova1-m6/meu_workspace/src/install/turtlesim/local/lib/python3.10/dist-packages/turtlesim/srv/_kill.py
[35.133s] -- Installing: /home/cecilia/Documentos/github/prova1-m6/meu_workspace/src/install/turtlesim/local/lib/python3.10/dist-packages/turtlesim/srv/_teleport_absolute.py
[35.133s] -- Installing: /home/cecilia/Documentos/github/prova1-m6/meu_workspace/src/install/turtlesim/local/lib/python3.10/dist-packages/turtlesim/srv/_teleport_relative_s.c
[35.133s] -- Installing: /home/cecilia/Documentos/github/prova1-m6/meu_workspace/src/install/turtlesim/local/lib/python3.10/dist-packages/turtlesim/srv/_teleport_absolute_s.c
[35.133s] -- Installing: /home/cecilia/Documentos/github/prova1-m6/meu_workspace/src/install/turtlesim/local/lib/python3.10/dist-packages/turtlesim/srv/_kill_s.c
[35.133s] -- Installing: /home/cecilia/Documentos/github/prova1-m6/meu_workspace/src/install/turtlesim/local/lib/python3.10/dist-packages/turtlesim/srv/_set_pen_s.c
[35.133s] -- Installing: /home/cecilia/Documentos/github/prova1-m6/meu_workspace/src/install/turtlesim/local/lib/python3.10/dist-packages/turtlesim/srv/_spawn.py
[35.133s] -- Installing: /home/cecilia/Documentos/github/prova1-m6/meu_workspace/src/install/turtlesim/local/lib/python3.10/dist-packages/turtlesim/srv/_spawn_s.c
[35.133s] -- Installing: /home/cecilia/Documentos/github/prova1-m6/meu_workspace/src/install/turtlesim/local/lib/python3.10/dist-packages/turtlesim/srv/_teleport_relative.py
[35.133s] -- Installing: /home/cecilia/Documentos/github/prova1-m6/meu_workspace/src/install/turtlesim/local/lib/python3.10/dist-packages/turtlesim/srv/_set_pen.py
[35.134s] -- Installing: /home/cecilia/Documentos/github/prova1-m6/meu_workspace/src/install/turtlesim/local/lib/python3.10/dist-packages/turtlesim/srv/__init__.py
[35.134s] -- Installing: /home/cecilia/Documentos/github/prova1-m6/meu_workspace/src/install/turtlesim/local/lib/python3.10/dist-packages/turtlesim/action
[35.134s] -- Installing: /home/cecilia/Documentos/github/prova1-m6/meu_workspace/src/install/turtlesim/local/lib/python3.10/dist-packages/turtlesim/action/_rotate_absolute_s.c
[35.134s] -- Installing: /home/cecilia/Documentos/github/prova1-m6/meu_workspace/src/install/turtlesim/local/lib/python3.10/dist-packages/turtlesim/action/_rotate_absolute.py
[35.134s] -- Installing: /home/cecilia/Documentos/github/prova1-m6/meu_workspace/src/install/turtlesim/local/lib/python3.10/dist-packages/turtlesim/action/__init__.py
[35.134s] -- Installing: /home/cecilia/Documentos/github/prova1-m6/meu_workspace/src/install/turtlesim/local/lib/python3.10/dist-packages/turtlesim/_turtlesim_s.ep.rosidl_typesupport_fastrtps_c.c
[35.134s] -- Installing: /home/cecilia/Documentos/github/prova1-m6/meu_workspace/src/install/turtlesim/local/lib/python3.10/dist-packages/turtlesim/__init__.py
[35.168s] Listing '/home/cecilia/Documentos/github/prova1-m6/meu_workspace/src/install/turtlesim/local/lib/python3.10/dist-packages/turtlesim'...
[35.168s] Compiling '/home/cecilia/Documentos/github/prova1-m6/meu_workspace/src/install/turtlesim/local/lib/python3.10/dist-packages/turtlesim/__init__.py'...
[35.168s] Listing '/home/cecilia/Documentos/github/prova1-m6/meu_workspace/src/install/turtlesim/local/lib/python3.10/dist-packages/turtlesim/action'...
[35.168s] Compiling '/home/cecilia/Documentos/github/prova1-m6/meu_workspace/src/install/turtlesim/local/lib/python3.10/dist-packages/turtlesim/action/__init__.py'...
[35.168s] Compiling '/home/cecilia/Documentos/github/prova1-m6/meu_workspace/src/install/turtlesim/local/lib/python3.10/dist-packages/turtlesim/action/_rotate_absolute.py'...
[35.168s] Listing '/home/cecilia/Documentos/github/prova1-m6/meu_workspace/src/install/turtlesim/local/lib/python3.10/dist-packages/turtlesim/msg'...
[35.168s] Compiling '/home/cecilia/Documentos/github/prova1-m6/meu_workspace/src/install/turtlesim/local/lib/python3.10/dist-packages/turtlesim/msg/__init__.py'...
[35.168s] Compiling '/home/cecilia/Documentos/github/prova1-m6/meu_workspace/src/install/turtlesim/local/lib/python3.10/dist-packages/turtlesim/msg/_color.py'...
[35.168s] Compiling '/home/cecilia/Documentos/github/prova1-m6/meu_workspace/src/install/turtlesim/local/lib/python3.10/dist-packages/turtlesim/msg/_pose.py'...
[35.168s] Listing '/home/cecilia/Documentos/github/prova1-m6/meu_workspace/src/install/turtlesim/local/lib/python3.10/dist-packages/turtlesim/srv'...
[35.168s] Compiling '/home/cecilia/Documentos/github/prova1-m6/meu_workspace/src/install/turtlesim/local/lib/python3.10/dist-packages/turtlesim/srv/__init__.py'...
[35.168s] Compiling '/home/cecilia/Documentos/github/prova1-m6/meu_workspace/src/install/turtlesim/local/lib/python3.10/dist-packages/turtlesim/srv/_kill.py'...
[35.168s] Compiling '/home/cecilia/Documentos/github/prova1-m6/meu_workspace/src/install/turtlesim/local/lib/python3.10/dist-packages/turtlesim/srv/_set_pen.py'...
[35.168s] Compiling '/home/cecilia/Documentos/github/prova1-m6/meu_workspace/src/install/turtlesim/local/lib/python3.10/dist-packages/turtlesim/srv/_spawn.py'...
[35.168s] Compiling '/home/cecilia/Documentos/github/prova1-m6/meu_workspace/src/install/turtlesim/local/lib/python3.10/dist-packages/turtlesim/srv/_teleport_absolute.py'...
[35.168s] Compiling '/home/cecilia/Documentos/github/prova1-m6/meu_workspace/src/install/turtlesim/local/lib/python3.10/dist-packages/turtlesim/srv/_teleport_relative.py'...
[35.171s] -- Installing: /home/cecilia/Documentos/github/prova1-m6/meu_workspace/src/install/turtlesim/local/lib/python3.10/dist-packages/turtlesim/turtlesim_s__rosidl_typesupport_fastrtps_c.cpython-310-x86_64-linux-gnu.so
[35.171s] -- Set runtime path of "/home/cecilia/Documentos/github/prova1-m6/meu_workspace/src/install/turtlesim/local/lib/python3.10/dist-packages/turtlesim/turtlesim_s__rosidl_typesupport_fastrtps_c.cpython-310-x86_64-linux-gnu.so" to ""
[35.171s] -- Installing: /home/cecilia/Documentos/github/prova1-m6/meu_workspace/src/install/turtlesim/local/lib/python3.10/dist-packages/turtlesim/turtlesim_s__rosidl_typesupport_introspection_c.cpython-310-x86_64-linux-gnu.so
[35.172s] -- Set runtime path of "/home/cecilia/Documentos/github/prova1-m6/meu_workspace/src/install/turtlesim/local/lib/python3.10/dist-packages/turtlesim/turtlesim_s__rosidl_typesupport_introspection_c.cpython-310-x86_64-linux-gnu.so" to ""
[35.172s] -- Installing: /home/cecilia/Documentos/github/prova1-m6/meu_workspace/src/install/turtlesim/local/lib/python3.10/dist-packages/turtlesim/turtlesim_s__rosidl_typesupport_c.cpython-310-x86_64-linux-gnu.so
[35.172s] -- Set runtime path of "/home/cecilia/Documentos/github/prova1-m6/meu_workspace/src/install/turtlesim/local/lib/python3.10/dist-packages/turtlesim/turtlesim_s__rosidl_typesupport_c.cpython-310-x86_64-linux-gnu.so" to ""
[35.172s] -- Installing: /home/cecilia/Documentos/github/prova1-m6/meu_workspace/src/install/turtlesim/lib/libturtlesim__rosidl_generator_py.so
[35.172s] -- Set runtime path of "/home/cecilia/Documentos/github/prova1-m6/meu_workspace/src/install/turtlesim/lib/libturtlesim__rosidl_generator_py.so" to ""
[35.172s] -- Installing: /home/cecilia/Documentos/github/prova1-m6/meu_workspace/src/install/turtlesim/share/turtlesim/action/RotateAbsolute.idl
[35.172s] -- Installing: /home/cecilia/Documentos/github/prova1-m6/meu_workspace/src/install/turtlesim/share/turtlesim/msg/Color.idl
[35.172s] -- Installing: /home/cecilia/Documentos/github/prova1-m6/meu_workspace/src/install/turtlesim/share/turtlesim/msg/Pose.idl
[35.172s] -- Installing: /home/cecilia/Documentos/github/prova1-m6/meu_workspace/src/install/turtlesim/share/turtlesim/srv/Kill.idl
[35.172s] -- Installing: /home/cecilia/Documentos/github/prova1-m6/meu_workspace/src/install/turtlesim/share/turtlesim/srv/SetPen.idl
[35.172s] -- Installing: /home/cecilia/Documentos/github/prova1-m6/meu_workspace/src/install/turtlesim/share/turtlesim/srv/Spawn.idl
[35.172s] -- Installing: /home/cecilia/Documentos/github/prova1-m6/meu_workspace/src/install/turtlesim/share/turtlesim/srv/TeleportAbsolute.idl
[35.173s] -- Installing: /home/cecilia/Documentos/github/prova1-m6/meu_workspace/src/install/turtlesim/share/turtlesim/srv/TeleportRelative.idl
[35.173s] -- Installing: /home/cecilia/Documentos/github/prova1-m6/meu_workspace/src/install/turtlesim/share/turtlesim/action/RotateAbsolute.action
[35.173s] -- Installing: /home/cecilia/Documentos/github/prova1-m6/meu_workspace/src/install/turtlesim/share/turtlesim/msg/Color.msg
[35.173s] -- Installing: /home/cecilia/Documentos/github/prova1-m6/meu_workspace/src/install/turtlesim/share/turtlesim/msg/Pose.msg
[35.173s] -- Installing: /home/cecilia/Documentos/github/prova1-m6/meu_workspace/src/install/turtlesim/share/turtlesim/srv/Kill.srv
[35.173s] -- Installing: /home/cecilia/Documentos/github/prova1-m6/meu_workspace/src/install/turtlesim/share/turtlesim/srv/Kill_Request.msg
[35.173s] -- Installing: /home/cecilia/Documentos/github/prova1-m6/meu_workspace/src/install/turtlesim/share/turtlesim/srv/Kill_Response.msg
[35.173s] -- Installing: /home/cecilia/Documentos/github/prova1-m6/meu_workspace/src/install/turtlesim/share/turtlesim/srv/SetPen.srv
[35.173s] -- Installing: /home/cecilia/Documentos/github/prova1-m6/meu_workspace/src/install/turtlesim/share/turtlesim/srv/SetPen_Request.msg
[35.173s] -- Installing: /home/cecilia/Documentos/github/prova1-m6/meu_workspace/src/install/turtlesim/share/turtlesim/srv/SetPen_Response.msg
[35.173s] -- Installing: /home/cecilia/Documentos/github/prova1-m6/meu_workspace/src/install/turtlesim/share/turtlesim/srv/Spawn.srv
[35.173s] -- Installing: /home/cecilia/Documentos/github/prova1-m6/meu_workspace/src/install/turtlesim/share/turtlesim/srv/Spawn_Request.msg
[35.173s] -- Installing: /home/cecilia/Documentos/github/prova1-m6/meu_workspace/src/install/turtlesim/share/turtlesim/srv/Spawn_Response.msg
[35.173s] -- Installing: /home/cecilia/Documentos/github/prova1-m6/meu_workspace/src/install/turtlesim/share/turtlesim/srv/TeleportAbsolute.srv
[35.174s] -- Installing: /home/cecilia/Documentos/github/prova1-m6/meu_workspace/src/install/turtlesim/share/turtlesim/srv/TeleportAbsolute_Request.msg
[35.174s] -- Installing: /home/cecilia/Documentos/github/prova1-m6/meu_workspace/src/install/turtlesim/share/turtlesim/srv/TeleportAbsolute_Response.msg
[35.174s] -- Installing: /home/cecilia/Documentos/github/prova1-m6/meu_workspace/src/install/turtlesim/share/turtlesim/srv/TeleportRelative.srv
[35.174s] -- Installing: /home/cecilia/Documentos/github/prova1-m6/meu_workspace/src/install/turtlesim/share/turtlesim/srv/TeleportRelative_Request.msg
[35.174s] -- Installing: /home/cecilia/Documentos/github/prova1-m6/meu_workspace/src/install/turtlesim/share/turtlesim/srv/TeleportRelative_Response.msg
[35.174s] -- Installing: /home/cecilia/Documentos/github/prova1-m6/meu_workspace/src/install/turtlesim/lib/turtlesim/turtlesim_node
[35.179s] -- Set runtime path of "/home/cecilia/Documentos/github/prova1-m6/meu_workspace/src/install/turtlesim/lib/turtlesim/turtlesim_node" to ""
[35.179s] -- Installing: /home/cecilia/Documentos/github/prova1-m6/meu_workspace/src/install/turtlesim/lib/turtlesim/turtle_teleop_key
[35.180s] -- Set runtime path of "/home/cecilia/Documentos/github/prova1-m6/meu_workspace/src/install/turtlesim/lib/turtlesim/turtle_teleop_key" to ""
[35.180s] -- Installing: /home/cecilia/Documentos/github/prova1-m6/meu_workspace/src/install/turtlesim/lib/turtlesim/draw_square
[35.183s] -- Set runtime path of "/home/cecilia/Documentos/github/prova1-m6/meu_workspace/src/install/turtlesim/lib/turtlesim/draw_square" to ""
[35.183s] -- Installing: /home/cecilia/Documentos/github/prova1-m6/meu_workspace/src/install/turtlesim/lib/turtlesim/mimic
[35.185s] -- Set runtime path of "/home/cecilia/Documentos/github/prova1-m6/meu_workspace/src/install/turtlesim/lib/turtlesim/mimic" to ""
[35.185s] -- Installing: /home/cecilia/Documentos/github/prova1-m6/meu_workspace/src/install/turtlesim/share/turtlesim/images
[35.185s] -- Installing: /home/cecilia/Documentos/github/prova1-m6/meu_workspace/src/install/turtlesim/share/turtlesim/images/ardent.png
[35.185s] -- Installing: /home/cecilia/Documentos/github/prova1-m6/meu_workspace/src/install/turtlesim/share/turtlesim/images/crystal.png
[35.185s] -- Installing: /home/cecilia/Documentos/github/prova1-m6/meu_workspace/src/install/turtlesim/share/turtlesim/images/foxy.png
[35.185s] -- Installing: /home/cecilia/Documentos/github/prova1-m6/meu_workspace/src/install/turtlesim/share/turtlesim/images/dashing.png
[35.185s] -- Installing: /home/cecilia/Documentos/github/prova1-m6/meu_workspace/src/install/turtlesim/share/turtlesim/images/bouncy.png
[35.185s] -- Installing: /home/cecilia/Documentos/github/prova1-m6/meu_workspace/src/install/turtlesim/share/turtlesim/images/eloquent.png
[35.185s] -- Installing: /home/cecilia/Documentos/github/prova1-m6/meu_workspace/src/install/turtlesim/share/turtlesim/images/rolling.png
[35.185s] -- Installing: /home/cecilia/Documentos/github/prova1-m6/meu_workspace/src/install/turtlesim/share/turtlesim/images/humble.png
[35.185s] -- Installing: /home/cecilia/Documentos/github/prova1-m6/meu_workspace/src/install/turtlesim/share/turtlesim/images/galactic.png
[35.185s] -- Installing: /home/cecilia/Documentos/github/prova1-m6/meu_workspace/src/install/turtlesim/share/turtlesim/launch
[35.185s] -- Installing: /home/cecilia/Documentos/github/prova1-m6/meu_workspace/src/install/turtlesim/share/turtlesim/launch/multisim.launch.py
[35.185s] -- Installing: /home/cecilia/Documentos/github/prova1-m6/meu_workspace/src/install/turtlesim/share/ament_index/resource_index/package_run_dependencies/turtlesim
[35.185s] -- Installing: /home/cecilia/Documentos/github/prova1-m6/meu_workspace/src/install/turtlesim/share/ament_index/resource_index/parent_prefix_path/turtlesim
[35.185s] -- Installing: /home/cecilia/Documentos/github/prova1-m6/meu_workspace/src/install/turtlesim/share/turtlesim/environment/ament_prefix_path.sh
[35.186s] -- Installing: /home/cecilia/Documentos/github/prova1-m6/meu_workspace/src/install/turtlesim/share/turtlesim/environment/ament_prefix_path.dsv
[35.186s] -- Installing: /home/cecilia/Documentos/github/prova1-m6/meu_workspace/src/install/turtlesim/share/turtlesim/environment/path.sh
[35.186s] -- Installing: /home/cecilia/Documentos/github/prova1-m6/meu_workspace/src/install/turtlesim/share/turtlesim/environment/path.dsv
[35.186s] -- Installing: /home/cecilia/Documentos/github/prova1-m6/meu_workspace/src/install/turtlesim/share/turtlesim/local_setup.bash
[35.186s] -- Installing: /home/cecilia/Documentos/github/prova1-m6/meu_workspace/src/install/turtlesim/share/turtlesim/local_setup.sh
[35.186s] -- Installing: /home/cecilia/Documentos/github/prova1-m6/meu_workspace/src/install/turtlesim/share/turtlesim/local_setup.zsh
[35.186s] -- Installing: /home/cecilia/Documentos/github/prova1-m6/meu_workspace/src/install/turtlesim/share/turtlesim/local_setup.dsv
[35.186s] -- Installing: /home/cecilia/Documentos/github/prova1-m6/meu_workspace/src/install/turtlesim/share/turtlesim/package.dsv
[35.186s] -- Installing: /home/cecilia/Documentos/github/prova1-m6/meu_workspace/src/install/turtlesim/share/ament_index/resource_index/packages/turtlesim
[35.186s] -- Installing: /home/cecilia/Documentos/github/prova1-m6/meu_workspace/src/install/turtlesim/share/turtlesim/cmake/export_turtlesim__rosidl_generator_cExport.cmake
[35.186s] -- Installing: /home/cecilia/Documentos/github/prova1-m6/meu_workspace/src/install/turtlesim/share/turtlesim/cmake/export_turtlesim__rosidl_generator_cExport-noconfig.cmake
[35.187s] -- Installing: /home/cecilia/Documentos/github/prova1-m6/meu_workspace/src/install/turtlesim/share/turtlesim/cmake/export_turtlesim__rosidl_typesupport_fastrtps_cExport.cmake
[35.187s] -- Installing: /home/cecilia/Documentos/github/prova1-m6/meu_workspace/src/install/turtlesim/share/turtlesim/cmake/export_turtlesim__rosidl_typesupport_fastrtps_cExport-noconfig.cmake
[35.187s] -- Installing: /home/cecilia/Documentos/github/prova1-m6/meu_workspace/src/install/turtlesim/share/turtlesim/cmake/export_turtlesim__rosidl_generator_cppExport.cmake
[35.187s] -- Installing: /home/cecilia/Documentos/github/prova1-m6/meu_workspace/src/install/turtlesim/share/turtlesim/cmake/export_turtlesim__rosidl_typesupport_fastrtps_cppExport.cmake
[35.187s] -- Installing: /home/cecilia/Documentos/github/prova1-m6/meu_workspace/src/install/turtlesim/share/turtlesim/cmake/export_turtlesim__rosidl_typesupport_fastrtps_cppExport-noconfig.cmake
[35.187s] -- Installing: /home/cecilia/Documentos/github/prova1-m6/meu_workspace/src/install/turtlesim/share/turtlesim/cmake/turtlesim__rosidl_typesupport_introspection_cExport.cmake
[35.187s] -- Installing: /home/cecilia/Documentos/github/prova1-m6/meu_workspace/src/install/turtlesim/share/turtlesim/cmake/turtlesim__rosidl_typesupport_introspection_cExport-noconfig.cmake
[35.187s] -- Installing: /home/cecilia/Documentos/github/prova1-m6/meu_workspace/src/install/turtlesim/share/turtlesim/cmake/turtlesim__rosidl_typesupport_cExport.cmake
[35.187s] -- Installing: /home/cecilia/Documentos/github/prova1-m6/meu_workspace/src/install/turtlesim/share/turtlesim/cmake/turtlesim__rosidl_typesupport_cExport-noconfig.cmake
[35.187s] -- Installing: /home/cecilia/Documentos/github/prova1-m6/meu_workspace/src/install/turtlesim/share/turtlesim/cmake/turtlesim__rosidl_typesupport_introspection_cppExport.cmake
[35.187s] -- Installing: /home/cecilia/Documentos/github/prova1-m6/meu_workspace/src/install/turtlesim/share/turtlesim/cmake/turtlesim__rosidl_typesupport_introspection_cppExport-noconfig.cmake
[35.187s] -- Installing: /home/cecilia/Documentos/github/prova1-m6/meu_workspace/src/install/turtlesim/share/turtlesim/cmake/turtlesim__rosidl_typesupport_cppExport.cmake
[35.187s] -- Installing: /home/cecilia/Documentos/github/prova1-m6/meu_workspace/src/install/turtlesim/share/turtlesim/cmake/turtlesim__rosidl_typesupport_cppExport-noconfig.cmake
[35.188s] -- Installing: /home/cecilia/Documentos/github/prova1-m6/meu_workspace/src/install/turtlesim/share/turtlesim/cmake/export_turtlesim__rosidl_generator_pyExport.cmake
[35.188s] -- Installing: /home/cecilia/Documentos/github/prova1-m6/meu_workspace/src/install/turtlesim/share/turtlesim/cmake/export_turtlesim__rosidl_generator_pyExport-noconfig.cmake
[35.188s] -- Installing: /home/cecilia/Documentos/github/prova1-m6/meu_workspace/src/install/turtlesim/share/turtlesim/cmake/rosidl_cmake-extras.cmake
[35.188s] -- Installing: /home/cecilia/Documentos/github/prova1-m6/meu_workspace/src/install/turtlesim/share/turtlesim/cmake/ament_cmake_export_dependencies-extras.cmake
[35.188s] -- Installing: /home/cecilia/Documentos/github/prova1-m6/meu_workspace/src/install/turtlesim/share/turtlesim/cmake/ament_cmake_export_include_directories-extras.cmake
[35.188s] -- Installing: /home/cecilia/Documentos/github/prova1-m6/meu_workspace/src/install/turtlesim/share/turtlesim/cmake/ament_cmake_export_libraries-extras.cmake
[35.188s] -- Installing: /home/cecilia/Documentos/github/prova1-m6/meu_workspace/src/install/turtlesim/share/turtlesim/cmake/ament_cmake_export_targets-extras.cmake
[35.188s] -- Installing: /home/cecilia/Documentos/github/prova1-m6/meu_workspace/src/install/turtlesim/share/turtlesim/cmake/rosidl_cmake_export_typesupport_targets-extras.cmake
[35.188s] -- Installing: /home/cecilia/Documentos/github/prova1-m6/meu_workspace/src/install/turtlesim/share/turtlesim/cmake/rosidl_cmake_export_typesupport_libraries-extras.cmake
[35.188s] -- Installing: /home/cecilia/Documentos/github/prova1-m6/meu_workspace/src/install/turtlesim/share/turtlesim/cmake/turtlesimConfig.cmake
[35.188s] -- Installing: /home/cecilia/Documentos/github/prova1-m6/meu_workspace/src/install/turtlesim/share/turtlesim/cmake/turtlesimConfig-version.cmake
[35.188s] -- Installing: /home/cecilia/Documentos/github/prova1-m6/meu_workspace/src/install/turtlesim/share/turtlesim/package.xml
[35.191s] Invoked command in '/home/cecilia/Documentos/github/prova1-m6/meu_workspace/src/build/turtlesim' returned '0': CMAKE_PREFIX_PATH=/opt/ros/humble /usr/bin/cmake --install /home/cecilia/Documentos/github/prova1-m6/meu_workspace/src/build/turtlesim
